
ROM used:   500/8192 (6%)
            500/8192 (6%) including unused fragments

            0.6 Average locations per line
            8.9 Average locations per statement

RAM used:   10/368 (3%) at main() level
            37/368 (10%) worst case

Stack used: 2 worst case (2 in main + 0 for interrupts)
Stack size: 8

Lines Stmts  %   Files
----- ----- ---  -----
    3     0   0  $linker.c
  173    56 100  main.c
  708     0   0  ..\..\..\..\..\..\..\Program Files (x86)\PICC\devices\16F877A.h
----- -----
  884    56 Total

Page ROM  %  RAM    Vol Diff  Functions:
---- --- --- ---    --- ----  ----------
0     21   4    1             @delay_ms1
0     66  13    2    364  5.2  main
0    190  38    8    751  9.9  pwm_init
 Inline        11    274  6.5  calculate_pr2
 Inline         5             @MUL1616
0     79  16   13             @DIV3232
 Inline         5    274  4.8  pwm_set_duty_
0    140  28    7    165  4.0  pwm_set_duty_percent
 Inline        13             @MUL3232
 Inline         0             @cinit1

Program metrics:
    Functions               5
    Statements              56
    Comments                5
    Volume (V)              2565
    Difficulty (D)          29.3
    Effort to implement (E) 75172
    Time to implement (T)   1 hours, 10 minutes
    Est Delivered Bugs (B)  1
    Cyclomatic Complexity   11
    Maintainability (MI)    149

 Segment     Used  Free
-----------  ----  ----
00000-00003     4  0  
00004-007FF   496  1548  
00800-00FFF     0  2048  
01000-017FF     0  2048  
01800-01FFF     0  2048  



