
ROM used:   29/8192 (0%)
            29/8192 (0%) including unused fragments

            0.0 Average locations per line
            4.1 Average locations per statement

RAM used:   5/368 (1%) at main() level
            5/368 (1%) worst case

Stack used: 0 worst case (0 in main + 0 for interrupts)
Stack size: 8

Lines Stmts  %   Files
----- ----- ---  -----
    3     0   0  $linker.c
   24     7 100  main.c
  708     0   0  ..\..\..\..\..\..\..\Program Files (x86)\PICC\devices\16F877A.h
----- -----
  735     7 Total

Page ROM  %  RAM    Vol Diff  Functions:
---- --- --- ---    --- ----  ----------
0     25  86    0    115  2.1  main
 Inline         0             @cinit1

Program metrics:
    Functions               1
    Statements              7
    Comments                5
    Volume (V)              117
    Difficulty (D)          2.0
    Effort to implement (E) 233
    Time to implement (T)   0 minutes
    Est Delivered Bugs (B)  0
    Cyclomatic Complexity   1
    Maintainability (MI)    99

 Segment     Used  Free
-----------  ----  ----
00000-00003     4  0  
00004-007FF    25  2019  
00800-00FFF     0  2048  
01000-017FF     0  2048  
01800-01FFF     0  2048  



