CCS PCM C Compiler, Version 5.112, 5967               18-janv.-26 01:17

               Filename:   C:\Users\RACHID\Desktop\Proteus\PIC Projets\PWM signal PIC16F877A\PWM signal PIC16F877A.X\dist\default\production\PWM_signal_PIC16F877A.X.production.lst

               ROM used:   29 words (0%)
                           Largest free fragment is 2048
               RAM used:   5 (1%) at main() level
                           5 (1%) worst case
               Stack used: 0 locations
               Stack size: 8

*
0000:  MOVLW  00
0001:  MOVWF  0A
0002:  GOTO   004
0003:  NOP
.................... #import(file="build/default/production/main.o")
.................... #include "16F877A.h"
.................... #include "16F877A.h"
.................... //////////// Standard Header file for the PIC16F877A device ////////////////
.................... ///////////////////////////////////////////////////////////////////////////
.................... ////        (C) Copyright 1996, 2020 Custom Computer Services          ////
.................... //// This source code may only be used by licensed users of the CCS C  ////
.................... //// compiler.  This source code may only be distributed to other      ////
.................... //// licensed users of the CCS C compiler.  No other use, reproduction ////
.................... //// or distribution is permitted without written permission.          ////
.................... //// Derivative programs created using this software in object code    ////
.................... //// form are not restricted in any way.                               ////
.................... ///////////////////////////////////////////////////////////////////////////
.................... #device PIC16F877A
.................... 
.................... #list
.................... 
.................... #fuses HS, NOWDT, NOPROTECT, NOLVP
.................... #use delay(clock=16MHz)
.................... 
.................... 
.................... #byte PR2 =	0x92
.................... #byte CCPR1L =	0x15 
.................... #byte CCP1CON =	0x17
.................... #byte TRISC =	0x87
.................... #byte T2CON =	0x12
.................... 
.................... 
.................... void main (void){
0004:  MOVF   03,W
0005:  ANDLW  1F
0006:  MOVWF  03
0007:  BCF    03.7
0008:  BSF    03.5
0009:  BSF    1F.0
000A:  BSF    1F.1
000B:  BSF    1F.2
000C:  BCF    1F.3
000D:  MOVLW  07
000E:  MOVWF  1C
000F:  BCF    03.7
....................    PR2 = 199;
0010:  MOVLW  C7
0011:  MOVWF  12
....................    TRISC = 0xfb;
0012:  MOVLW  FB
0013:  MOVWF  07
....................    T2CON = 0x05;
0014:  MOVLW  05
0015:  BCF    03.5
0016:  MOVWF  12
....................    CCP1CON = 0b00101100;
0017:  MOVLW  2C
0018:  MOVWF  17
....................    CCPR1L = 0b00000111;
0019:  MOVLW  07
001A:  MOVWF  15
....................    while (1) {
001B:  GOTO   01B
....................        
....................     }
.................... 
.................... }
.................... 
001C:  SLEEP

Configuration Fuses:
   Word  1: 3F72   HS NOWDT PUT BROWNOUT NOLVP NOCPD NOWRT NODEBUG NOPROTECT
